[debug] [2025-02-05T17:08:15.097Z] ----------------------------------------------------------------------
[debug] [2025-02-05T17:08:15.100Z] Command:       C:\Users\quokka\.nvm\versions\node\v22.13.1\bin\node.exe C:\Users\quokka\AppData\Roaming\npm\node_modules\firebase-tools\lib\bin\firebase.js init
[debug] [2025-02-05T17:08:15.100Z] CLI Version:   13.22.0
[debug] [2025-02-05T17:08:15.101Z] Platform:      win32
[debug] [2025-02-05T17:08:15.101Z] Node Version:  v22.13.1
[debug] [2025-02-05T17:08:15.101Z] Time:          Wed Feb 05 2025 12:08:15 GMT-0500 (Eastern Standard Time)
[debug] [2025-02-05T17:08:15.101Z] ----------------------------------------------------------------------
[debug] 
[debug] [2025-02-05T17:08:15.104Z] >>> [apiv2][query] GET https://firebase-public.firebaseio.com/cli.json [none]
[debug] [2025-02-05T17:08:15.142Z] > command requires scopes: ["email","openid","https://www.googleapis.com/auth/cloudplatformprojects.readonly","https://www.googleapis.com/auth/firebase","https://www.googleapis.com/auth/cloud-platform"]
[debug] [2025-02-05T17:08:15.143Z] > authorizing via signed-in user (devon@beepboop.us)
[info] 
     ######## #### ########  ######## ########     ###     ######  ########
     ##        ##  ##     ## ##       ##     ##  ##   ##  ##       ##
     ######    ##  ########  ######   ########  #########  ######  ######
     ##        ##  ##    ##  ##       ##     ## ##     ##       ## ##
     ##       #### ##     ## ######## ########  ##     ##  ######  ########

You're about to initialize a Firebase project in this directory:

  C:\Users\quokka\Documents\Engineering Fun\muni_fullstack\frontend

[debug] [2025-02-05T17:08:15.271Z] <<< [apiv2][status] GET https://firebase-public.firebaseio.com/cli.json 200
[debug] [2025-02-05T17:08:15.272Z] <<< [apiv2][body] GET https://firebase-public.firebaseio.com/cli.json {"cloudBuildErrorAfter":1594252800000,"cloudBuildWarnAfter":1590019200000,"defaultNode10After":1594252800000,"minVersion":"3.0.5","node8DeploysDisabledAfter":1613390400000,"node8RuntimeDisabledAfter":1615809600000,"node8WarnAfter":1600128000000}
[info] 
=== Project Setup
[info] 
[info] First, let's associate this project directory with a Firebase project.
[info] You can create multiple project aliases by running firebase use --add, 
[info] but for now we'll just set up a default project.
[info] 
[debug] [2025-02-05T17:09:27.044Z] Checked if tokens are valid: false, expires at: 1738420609585
[debug] [2025-02-05T17:09:27.044Z] Checked if tokens are valid: false, expires at: 1738420609585
[debug] [2025-02-05T17:09:27.044Z] > refreshing access token with scopes: []
[debug] [2025-02-05T17:09:27.045Z] >>> [apiv2][query] POST https://www.googleapis.com/oauth2/v3/token [none]
[debug] [2025-02-05T17:09:27.045Z] >>> [apiv2][body] POST https://www.googleapis.com/oauth2/v3/token [omitted]
[debug] [2025-02-05T17:09:27.219Z] <<< [apiv2][status] POST https://www.googleapis.com/oauth2/v3/token 200
[debug] [2025-02-05T17:09:27.219Z] <<< [apiv2][body] POST https://www.googleapis.com/oauth2/v3/token [omitted]
[debug] [2025-02-05T17:09:27.237Z] >>> [apiv2][query] GET https://firebase.googleapis.com/v1beta1/projects pageSize=100
[debug] [2025-02-05T17:09:27.567Z] <<< [apiv2][status] GET https://firebase.googleapis.com/v1beta1/projects 200
[debug] [2025-02-05T17:09:27.567Z] <<< [apiv2][body] GET https://firebase.googleapis.com/v1beta1/projects [omitted]
[info] i  Using project muni-b3209 (muni) 
[info] 
=== Functions Setup
[debug] [2025-02-05T17:09:39.838Z] > command requires scopes: ["email","openid","https://www.googleapis.com/auth/cloudplatformprojects.readonly","https://www.googleapis.com/auth/firebase","https://www.googleapis.com/auth/cloud-platform"]
[debug] [2025-02-05T17:09:39.838Z] > authorizing via signed-in user (devon@beepboop.us)
[debug] [2025-02-05T17:09:39.838Z] [iam] checking project muni-b3209 for permissions ["firebase.projects.get"]
[debug] [2025-02-05T17:09:39.838Z] Checked if tokens are valid: true, expires at: 1738778966219
[debug] [2025-02-05T17:09:39.838Z] Checked if tokens are valid: true, expires at: 1738778966219
[debug] [2025-02-05T17:09:39.839Z] >>> [apiv2][query] POST https://cloudresourcemanager.googleapis.com/v1/projects/muni-b3209:testIamPermissions [none]
[debug] [2025-02-05T17:09:39.839Z] >>> [apiv2][(partial)header] POST https://cloudresourcemanager.googleapis.com/v1/projects/muni-b3209:testIamPermissions x-goog-quota-user=projects/muni-b3209
[debug] [2025-02-05T17:09:39.839Z] >>> [apiv2][body] POST https://cloudresourcemanager.googleapis.com/v1/projects/muni-b3209:testIamPermissions {"permissions":["firebase.projects.get"]}
[debug] [2025-02-05T17:09:40.103Z] <<< [apiv2][status] POST https://cloudresourcemanager.googleapis.com/v1/projects/muni-b3209:testIamPermissions 200
[debug] [2025-02-05T17:09:40.103Z] <<< [apiv2][body] POST https://cloudresourcemanager.googleapis.com/v1/projects/muni-b3209:testIamPermissions {"permissions":["firebase.projects.get"]}
[debug] [2025-02-05T17:09:40.103Z] Checked if tokens are valid: true, expires at: 1738778966219
[debug] [2025-02-05T17:09:40.103Z] Checked if tokens are valid: true, expires at: 1738778966219
[debug] [2025-02-05T17:09:40.103Z] Checked if tokens are valid: true, expires at: 1738778966219
[debug] [2025-02-05T17:09:40.103Z] Checked if tokens are valid: true, expires at: 1738778966219
[debug] [2025-02-05T17:09:40.103Z] >>> [apiv2][query] GET https://serviceusage.googleapis.com/v1/projects/muni-b3209/services/cloudfunctions.googleapis.com [none]
[debug] [2025-02-05T17:09:40.103Z] >>> [apiv2][(partial)header] GET https://serviceusage.googleapis.com/v1/projects/muni-b3209/services/cloudfunctions.googleapis.com x-goog-quota-user=projects/muni-b3209
[debug] [2025-02-05T17:09:40.104Z] >>> [apiv2][query] GET https://serviceusage.googleapis.com/v1/projects/muni-b3209/services/runtimeconfig.googleapis.com [none]
[debug] [2025-02-05T17:09:40.104Z] >>> [apiv2][(partial)header] GET https://serviceusage.googleapis.com/v1/projects/muni-b3209/services/runtimeconfig.googleapis.com x-goog-quota-user=projects/muni-b3209
[debug] [2025-02-05T17:09:40.500Z] <<< [apiv2][status] GET https://serviceusage.googleapis.com/v1/projects/muni-b3209/services/cloudfunctions.googleapis.com 200
[debug] [2025-02-05T17:09:40.501Z] <<< [apiv2][body] GET https://serviceusage.googleapis.com/v1/projects/muni-b3209/services/cloudfunctions.googleapis.com [omitted]
[debug] [2025-02-05T17:09:40.501Z] Checked if tokens are valid: true, expires at: 1738778966219
[debug] [2025-02-05T17:09:40.501Z] Checked if tokens are valid: true, expires at: 1738778966219
[debug] [2025-02-05T17:09:40.501Z] >>> [apiv2][query] POST https://serviceusage.googleapis.com/v1/projects/muni-b3209/services/cloudfunctions.googleapis.com:enable [none]
[debug] [2025-02-05T17:09:40.501Z] >>> [apiv2][(partial)header] POST https://serviceusage.googleapis.com/v1/projects/muni-b3209/services/cloudfunctions.googleapis.com:enable x-goog-quota-user=projects/muni-b3209
[debug] [2025-02-05T17:09:40.506Z] <<< [apiv2][status] GET https://serviceusage.googleapis.com/v1/projects/muni-b3209/services/runtimeconfig.googleapis.com 200
[debug] [2025-02-05T17:09:40.506Z] <<< [apiv2][body] GET https://serviceusage.googleapis.com/v1/projects/muni-b3209/services/runtimeconfig.googleapis.com [omitted]
[debug] [2025-02-05T17:09:41.025Z] <<< [apiv2][status] POST https://serviceusage.googleapis.com/v1/projects/muni-b3209/services/cloudfunctions.googleapis.com:enable 200
[debug] [2025-02-05T17:09:41.026Z] <<< [apiv2][body] POST https://serviceusage.googleapis.com/v1/projects/muni-b3209/services/cloudfunctions.googleapis.com:enable [omitted]
[debug] [2025-02-05T17:09:51.037Z] Checked if tokens are valid: true, expires at: 1738778966219
[debug] [2025-02-05T17:09:51.037Z] Checked if tokens are valid: true, expires at: 1738778966219
[debug] [2025-02-05T17:09:51.037Z] >>> [apiv2][query] GET https://serviceusage.googleapis.com/v1/projects/muni-b3209/services/cloudfunctions.googleapis.com [none]
[debug] [2025-02-05T17:09:51.037Z] >>> [apiv2][(partial)header] GET https://serviceusage.googleapis.com/v1/projects/muni-b3209/services/cloudfunctions.googleapis.com x-goog-quota-user=projects/muni-b3209
[debug] [2025-02-05T17:09:51.393Z] <<< [apiv2][status] GET https://serviceusage.googleapis.com/v1/projects/muni-b3209/services/cloudfunctions.googleapis.com 200
[debug] [2025-02-05T17:09:51.394Z] <<< [apiv2][body] GET https://serviceusage.googleapis.com/v1/projects/muni-b3209/services/cloudfunctions.googleapis.com [omitted]
[info] Let's create a new codebase for your functions.
[info] A directory corresponding to the codebase will be created in your project
[info] with sample code pre-configured.

[info] See https://firebase.google.com/docs/functions/organize-functions for
[info] more information on organizing your functions using codebases.

[info] Functions can be deployed with firebase deploy.

[info] +  Wrote functions/package.json 
[info] +  Wrote functions/.eslintrc.js 
[info] +  Wrote functions/index.js 
[info] +  Wrote functions/.gitignore 
[info] 
=== Hosting Setup
[debug] [2025-02-05T17:11:32.467Z] Checked if tokens are valid: true, expires at: 1738778966219
[debug] [2025-02-05T17:11:32.467Z] Checked if tokens are valid: true, expires at: 1738778966219
[debug] [2025-02-05T17:11:32.468Z] >>> [apiv2][query] GET https://firebase.googleapis.com/v1beta1/projects/muni-b3209 [none]
[debug] [2025-02-05T17:11:32.852Z] <<< [apiv2][status] GET https://firebase.googleapis.com/v1beta1/projects/muni-b3209 200
[debug] [2025-02-05T17:11:32.852Z] <<< [apiv2][body] GET https://firebase.googleapis.com/v1beta1/projects/muni-b3209 {"projectId":"muni-b3209","projectNumber":"677615931506","displayName":"muni","name":"projects/muni-b3209","resources":{"hostingSite":"muni-b3209"},"state":"ACTIVE","etag":"1_c42bfc06-6400-4f8f-8b94-9b9cbd96964c"}
[info] 
[info] Your public directory is the folder (relative to your project directory) that
[info] will contain Hosting assets to be uploaded with firebase deploy. If you
[info] have a build process for your assets, use your build's output directory.
[info] 
[debug] [2025-02-05T17:14:22.613Z] >>> [apiv2][query] GET https://www.gstatic.com/firebasejs/releases.json [none]
[debug] [2025-02-05T17:14:22.715Z] <<< [apiv2][status] GET https://www.gstatic.com/firebasejs/releases.json 200
[debug] [2025-02-05T17:14:22.715Z] <<< [apiv2][body] GET https://www.gstatic.com/firebasejs/releases.json {"current":{"version":"11.2.0","browserURL":"https://www.gstatic.com/firebasejs/11.2.0/firebase.js","packageURL":"https://www.gstatic.com/firebasejs/11.2.0/firebase.tgz"},"live":{"version":"11.2","browserURL":"https://www.gstatic.com/firebasejs/live/11.2/firebase.js","packageURL":"https://www.gstatic.com/firebasejs/live/11.2/firebase.tgz"},"components":{"analytics":"https://www.gstatic.com/firebasejs/11.2.0/firebase-analytics.js","app":"https://www.gstatic.com/firebasejs/11.2.0/firebase-app.js","app-check":"https://www.gstatic.com/firebasejs/11.2.0/firebase-app-check.js","auth":"https://www.gstatic.com/firebasejs/11.2.0/firebase-auth.js","auth/cordova":"https://www.gstatic.com/firebasejs/11.2.0/firebase-auth/cordova.js","auth/web-extension":"https://www.gstatic.com/firebasejs/11.2.0/firebase-auth/web-extension.js","functions":"https://www.gstatic.com/firebasejs/11.2.0/firebase-functions.js","firestore":"https://www.gstatic.com/firebasejs/11.2.0/firebase-firestore.js","firestore/lite":"https://www.gstatic.com/firebasejs/11.2.0/firebase-firestore/lite.js","installations":"https://www.gstatic.com/firebasejs/11.2.0/firebase-installations.js","storage":"https://www.gstatic.com/firebasejs/11.2.0/firebase-storage.js","performance":"https://www.gstatic.com/firebasejs/11.2.0/firebase-performance.js","remote-config":"https://www.gstatic.com/firebasejs/11.2.0/firebase-remote-config.js","messaging":"https://www.gstatic.com/firebasejs/11.2.0/firebase-messaging.js","messaging/sw":"https://www.gstatic.com/firebasejs/11.2.0/firebase-messaging/sw.js","database":"https://www.gstatic.com/firebasejs/11.2.0/firebase-database.js","vertexai":"https://www.gstatic.com/firebasejs/11.2.0/firebase-vertexai.js","data-connect":"https://www.gstatic.com/firebasejs/11.2.0/firebase-data-connect.js","firestore.memory":"https://www.gstatic.com/firebasejs/11.2.0/firebase-firestore.memory.js"}}
[debug] [2025-02-05T17:14:22.717Z] Error: Path contains invalid characters: C:\Users\quokka\Documents\Engineering Fun\muni_fullstack\frontend\'c:\Users\quokka\Documents\Engineering Fun\muni_fullstack\frontend'
    at checkPath (C:\Users\quokka\AppData\Roaming\npm\node_modules\firebase-tools\node_modules\fs-extra\lib\mkdirs\utils.js:16:21)
    at module.exports.makeDirSync (C:\Users\quokka\AppData\Roaming\npm\node_modules\firebase-tools\node_modules\fs-extra\lib\mkdirs\make-dir.js:21:3)
    at Object.createFileSync (C:\Users\quokka\AppData\Roaming\npm\node_modules\firebase-tools\node_modules\fs-extra\lib\ensure\file.js:59:45)
    at Config.writeProjectFile (C:\Users\quokka\AppData\Roaming\npm\node_modules\firebase-tools\lib\config.js:159:12)
    at C:\Users\quokka\AppData\Roaming\npm\node_modules\firebase-tools\lib\config.js:193:22
    at process.processTicksAndRejections (node:internal/process/task_queues:105:5)
    at async doSetup (C:\Users\quokka\AppData\Roaming\npm\node_modules\firebase-tools\lib\init\features\hosting\index.js:177:9)
    at async init (C:\Users\quokka\AppData\Roaming\npm\node_modules\firebase-tools\lib\init\index.js:41:9)
[error] 
[error] Error: An unexpected error has occurred.
